<?xml version="1.0" encoding="UTF-8"?>
<!-- Generated by org.testng.reporters.JUnitReportReporter -->
<testsuite hostname="DESKTOP-OSVRB79" failures="0" tests="1" name="testNGStudy.TestNg2" time="0.016" errors="0" timestamp="2023-12-18T18:32:40 IST" skipped="0">
  <testcase classname="testNGStudy.TestNg2" name="f" time="0.016">
    <system-out>
      <![CDATA[this is statement without boolean
this is statement with boolean]]>
    </system-out>
  </testcase> <!-- f -->
  <system-out>
    <![CDATA[this is statement without boolean
this is statement with boolean]]>
  </system-out>
</testsuite> <!-- testNGStudy.TestNg2 -->
