<?xml version="1.0" encoding="UTF-8"?>
<!-- Generated by org.testng.reporters.JUnitReportReporter -->
<testsuite hostname="DESKTOP-OSVRB79" failures="0" tests="1" name="testNG_Data_Provider.FBLogin2" time="19.837" errors="0" timestamp="2023-12-27T17:00:34 IST" skipped="0">
  <testcase classname="testNG_Data_Provider.FBLogin2" name="fbTest" time="19.837"/>
</testsuite> <!-- testNG_Data_Provider.FBLogin2 -->
