<?xml version="1.0" encoding="UTF-8"?>
<!-- Generated by org.testng.reporters.JUnitReportReporter -->
<testsuite hostname="DESKTOP-OSVRB79" failures="0" tests="2" name="testNG_Cross_Browsing.FbCrossBrowsing" time="36.601" errors="0" timestamp="2023-12-27T19:22:04 IST" skipped="0">
  <testcase classname="testNG_Cross_Browsing.FbCrossBrowsing" name="f" time="15.479"/>
  <testcase classname="testNG_Cross_Browsing.FbCrossBrowsing" name="f" time="21.122"/>
</testsuite> <!-- testNG_Cross_Browsing.FbCrossBrowsing -->
