<?xml version="1.0" encoding="UTF-8"?>
<!-- Generated by org.testng.reporters.JUnitReportReporter -->
<testsuite hostname="DESKTOP-OSVRB79" failures="0" tests="4" name="testNG_Keywords.DependsOnMethods" time="0.059" errors="0" timestamp="2023-12-21T11:36:25 IST" skipped="0">
  <testcase classname="testNG_Keywords.DependsOnMethods" name="a" time="0.014">
    <system-out>
      <![CDATA[a is running]]>
    </system-out>
  </testcase> <!-- a -->
  <testcase classname="testNG_Keywords.DependsOnMethods" name="d" time="0.019">
    <system-out>
      <![CDATA[d is running]]>
    </system-out>
  </testcase> <!-- d -->
  <testcase classname="testNG_Keywords.DependsOnMethods" name="b" time="0.011">
    <system-out>
      <![CDATA[b is running]]>
    </system-out>
  </testcase> <!-- b -->
  <testcase classname="testNG_Keywords.DependsOnMethods" name="c" time="0.015">
    <system-out>
      <![CDATA[c is running]]>
    </system-out>
  </testcase> <!-- c -->
  <system-out>
    <![CDATA[c is running
d is running
a is running
b is running]]>
  </system-out>
</testsuite> <!-- testNG_Keywords.DependsOnMethods -->
