<?xml version="1.0" encoding="UTF-8"?>
<!-- Generated by org.testng.reporters.JUnitReportReporter -->
<testsuite hostname="DESKTOP-OSVRB79" failures="0" tests="3" name="testNGStudy.TestNG3" time="28.108" errors="0" timestamp="2023-12-16T22:20:09 IST" skipped="0">
  <testcase classname="testNGStudy.TestNG3" name="launchAmazon" time="9.996"/>
  <testcase classname="testNGStudy.TestNG3" name="launchHike" time="11.978"/>
  <testcase classname="testNGStudy.TestNG3" name="launchFB" time="6.134"/>
</testsuite> <!-- testNGStudy.TestNG3 -->
