<?xml version="1.0" encoding="UTF-8"?>
<!-- Generated by org.testng.reporters.JUnitReportReporter -->
<testsuite hostname="DESKTOP-OSVRB79" failures="0" tests="3" name="testNG_Data_Provider.FBLogin" time="66.409" errors="0" timestamp="2023-12-27T16:50:13 IST" skipped="0">
  <testcase classname="testNG_Data_Provider.FBLogin" name="fbTest" time="15.180"/>
  <testcase classname="testNG_Data_Provider.FBLogin" name="fbTest" time="30.814"/>
  <testcase classname="testNG_Data_Provider.FBLogin" name="fbTest" time="20.415"/>
</testsuite> <!-- testNG_Data_Provider.FBLogin -->
