<?xml version="1.0" encoding="UTF-8"?>
<!-- Generated by org.testng.reporters.JUnitReportReporter -->
<testsuite hostname="DESKTOP-OSVRB79" failures="0" tests="4" name="TestNG_Included_excluded.Included_excluded_Method" time="0.025" errors="0" timestamp="2023-12-26T12:36:29 IST" skipped="0">
  <testcase classname="TestNG_Included_excluded.Included_excluded_Method" name="TC2" time="0.002">
    <system-out>
      <![CDATA[TC2 is running]]>
    </system-out>
  </testcase> <!-- TC2 -->
  <testcase classname="TestNG_Included_excluded.Included_excluded_Method" name="TC1" time="0.014">
    <system-out>
      <![CDATA[TC1 is running]]>
    </system-out>
  </testcase> <!-- TC1 -->
  <testcase classname="TestNG_Included_excluded.Included_excluded_Method" name="TC4" time="0.007">
    <system-out>
      <![CDATA[TC4 is running]]>
    </system-out>
  </testcase> <!-- TC4 -->
  <testcase classname="TestNG_Included_excluded.Included_excluded_Method" name="TC3" time="0.002">
    <system-out>
      <![CDATA[TC3 is running]]>
    </system-out>
  </testcase> <!-- TC3 -->
  <system-out>
    <![CDATA[TC1 is running
TC2 is running
TC3 is running
TC4 is running]]>
  </system-out>
</testsuite> <!-- TestNG_Included_excluded.Included_excluded_Method -->
