<?xml version="1.0" encoding="UTF-8"?>
<!-- Generated by org.testng.reporters.JUnitReportReporter -->
<testsuite hostname="DESKTOP-OSVRB79" failures="0" tests="2" name="TestNG_Included_excluded.Set1" time="0.017" errors="0" timestamp="2023-12-26T12:41:59 IST" skipped="0">
  <testcase classname="TestNG_Included_excluded.Set1" name="TC2" time="0.002">
    <system-out>
      <![CDATA[TC2 is running]]>
    </system-out>
  </testcase> <!-- TC2 -->
  <testcase classname="TestNG_Included_excluded.Set1" name="TC1" time="0.015">
    <system-out>
      <![CDATA[TC1 is running]]>
    </system-out>
  </testcase> <!-- TC1 -->
  <system-out>
    <![CDATA[TC1 is running
TC2 is running
TC5 is running
TC7 is running
TC8 is running]]>
  </system-out>
</testsuite> <!-- TestNG_Included_excluded.Set1 -->
