<?xml version="1.0" encoding="UTF-8"?>
<!-- Generated by org.testng.reporters.JUnitReportReporter -->
<testsuite hostname="DESKTOP-OSVRB79" failures="1" tests="4" name="testNGStudy.ClassForListner" time="0.075" errors="0" timestamp="2024-01-03T12:34:47 IST" skipped="1">
  <testcase classname="testNGStudy.ClassForListner" name="d" time="0.044">
    <failure message="null" type="java.lang.AssertionError">
      <![CDATA[java.lang.AssertionError: null
at org.testng.Assert.fail(Assert.java:111)
at org.testng.Assert.fail(Assert.java:116)
at testNGStudy.ClassForListner.d(ClassForListner.java:31)
at java.base/jdk.internal.reflect.NativeMethodAccessorImpl.invoke0(Native Method)
at java.base/jdk.internal.reflect.NativeMethodAccessorImpl.invoke(NativeMethodAccessorImpl.java:77)
at java.base/jdk.internal.reflect.DelegatingMethodAccessorImpl.invoke(DelegatingMethodAccessorImpl.java:43)
at java.base/java.lang.reflect.Method.invoke(Method.java:568)
at org.testng.internal.invokers.MethodInvocationHelper.invokeMethod(MethodInvocationHelper.java:139)
at org.testng.internal.invokers.TestInvoker.invokeMethod(TestInvoker.java:664)
at org.testng.internal.invokers.TestInvoker.invokeTestMethod(TestInvoker.java:227)
at org.testng.internal.invokers.MethodRunner.runInSequence(MethodRunner.java:50)
at org.testng.internal.invokers.TestInvoker$MethodInvocationAgent.invoke(TestInvoker.java:957)
at org.testng.internal.invokers.TestInvoker.invokeTestMethods(TestInvoker.java:200)
at org.testng.internal.invokers.TestMethodWorker.invokeTestMethods(TestMethodWorker.java:148)
at org.testng.internal.invokers.TestMethodWorker.run(TestMethodWorker.java:128)
at java.base/java.util.ArrayList.forEach(ArrayList.java:1511)
at org.testng.TestRunner.privateRun(TestRunner.java:848)
at org.testng.TestRunner.run(TestRunner.java:621)
at org.testng.SuiteRunner.runTest(SuiteRunner.java:443)
at org.testng.SuiteRunner.runSequentially(SuiteRunner.java:437)
at org.testng.SuiteRunner.privateRun(SuiteRunner.java:397)
at org.testng.SuiteRunner.run(SuiteRunner.java:336)
at org.testng.SuiteRunnerWorker.runSuite(SuiteRunnerWorker.java:52)
at org.testng.SuiteRunnerWorker.run(SuiteRunnerWorker.java:95)
at org.testng.TestNG.runSuitesSequentially(TestNG.java:1280)
at org.testng.TestNG.runSuitesLocally(TestNG.java:1200)
at org.testng.TestNG.runSuites(TestNG.java:1114)
at org.testng.TestNG.run(TestNG.java:1082)
at org.testng.remote.AbstractRemoteTestNG.run(AbstractRemoteTestNG.java:115)
at org.testng.remote.RemoteTestNG.initAndRun(RemoteTestNG.java:251)
at org.testng.remote.RemoteTestNG.main(RemoteTestNG.java:77)
]]>
    </failure>
    <system-out>
      <![CDATA[TC d execution is started
TC d is failed, please check it properly]]>
    </system-out>
  </testcase> <!-- d -->
  <testcase classname="testNGStudy.ClassForListner" name="b" time="0.001">
    <skipped/>
    <system-out>
      <![CDATA[TC b is skipped, please check dependent method]]>
    </system-out>
  </testcase> <!-- b -->
  <testcase classname="testNGStudy.ClassForListner" name="c" time="0.022">
    <system-out>
      <![CDATA[TC c execution is started
TC c is running
TC c is succesfully completed]]>
    </system-out>
  </testcase> <!-- c -->
  <testcase classname="testNGStudy.ClassForListner" name="a" time="0.008">
    <system-out>
      <![CDATA[TC a execution is started
TC a is running
TC a is succesfully completed]]>
    </system-out>
  </testcase> <!-- a -->
  <system-out>
    <![CDATA[TC c execution is started
TC c is running
TC c is succesfully completed
TC d execution is started
TC d is failed, please check it properly
TC a execution is started
TC a is running
TC a is succesfully completed
TC b execution is started
TC b is skipped, please check dependent method
TC e execution is started
TC e is running
TC e is succesfully completed
TC f execution is started
TC f is failed, please check it properly
TC g execution is started
TC g is running
TC g is succesfully completed
TC h execution is started
TC h is failed, please check it properly]]>
  </system-out>
</testsuite> <!-- testNGStudy.ClassForListner -->
