<?xml version="1.0" encoding="UTF-8"?>
<!-- Generated by org.testng.reporters.JUnitReportReporter -->
<testsuite hostname="DESKTOP-OSVRB79" failures="0" tests="3" name="TestNG_Included_excluded.Set2" time="0.009" errors="0" timestamp="2023-12-26T12:41:59 IST" skipped="0">
  <testcase classname="TestNG_Included_excluded.Set2" name="TC5" time="0.005">
    <system-out>
      <![CDATA[TC5 is running]]>
    </system-out>
  </testcase> <!-- TC5 -->
  <testcase classname="TestNG_Included_excluded.Set2" name="TC8" time="0.002">
    <system-out>
      <![CDATA[TC8 is running]]>
    </system-out>
  </testcase> <!-- TC8 -->
  <testcase classname="TestNG_Included_excluded.Set2" name="TC7" time="0.002">
    <system-out>
      <![CDATA[TC7 is running]]>
    </system-out>
  </testcase> <!-- TC7 -->
  <system-out>
    <![CDATA[TC1 is running
TC2 is running
TC5 is running
TC7 is running
TC8 is running]]>
  </system-out>
</testsuite> <!-- TestNG_Included_excluded.Set2 -->
