<?xml version="1.0" encoding="UTF-8"?>
<!-- Generated by org.testng.reporters.JUnitReportReporter -->
<testsuite hostname="DESKTOP-OSVRB79" failures="0" tests="2" name="testNG_Data_Provider.Naukricom" time="64.905" errors="0" timestamp="2023-12-27T19:06:44 IST" skipped="0">
  <testcase classname="testNG_Data_Provider.Naukricom" name="f" time="33.857"/>
  <testcase classname="testNG_Data_Provider.Naukricom" name="f" time="31.048"/>
</testsuite> <!-- testNG_Data_Provider.Naukricom -->
