<?xml version="1.0" encoding="UTF-8"?>
<!-- Generated by org.testng.reporters.JUnitReportReporter -->
<testsuite hostname="DESKTOP-OSVRB79" failures="0" tests="1" name="testNg_FailedXML_Serial_Parallel.Insta" time="3.209" errors="0" timestamp="2023-12-26T13:50:46 IST" skipped="0">
  <testcase classname="testNg_FailedXML_Serial_Parallel.Insta" name="insta" time="3.209"/>
</testsuite> <!-- testNg_FailedXML_Serial_Parallel.Insta -->
