<?xml version="1.0" encoding="UTF-8"?>
<!-- Generated by org.testng.reporters.JUnitReportReporter -->
<testsuite hostname="DESKTOP-OSVRB79" failures="0" tests="1" name="testNg_FailedXML_Serial_Parallel.Failed_xml" time="0.015" errors="0" timestamp="2023-12-26T13:14:06 IST" skipped="0">
  <testcase classname="testNg_FailedXML_Serial_Parallel.Failed_xml" name="e" time="0.015">
    <system-out>
      <![CDATA[TC e is running]]>
    </system-out>
  </testcase> <!-- e -->
  <system-out>
    <![CDATA[TC e is running]]>
  </system-out>
</testsuite> <!-- testNg_FailedXML_Serial_Parallel.Failed_xml -->
