<?xml version="1.0" encoding="UTF-8"?>
<!-- Generated by org.testng.reporters.JUnitReportReporter -->
<testsuite hostname="DESKTOP-OSVRB79" failures="0" tests="1" name="testNGStudy.TestNG1st" time="13.067" errors="0" timestamp="2023-12-16T19:15:24 IST" skipped="0">
  <testcase classname="testNGStudy.TestNG1st" name="f" time="13.067"/>
</testsuite> <!-- testNGStudy.TestNG1st -->
