<?xml version="1.0" encoding="UTF-8"?>
<!-- Generated by org.testng.reporters.JUnitReportReporter -->
<testsuite hostname="DESKTOP-OSVRB79" failures="0" tests="4" name="testNGStudy.Priority" time="0.026" errors="0" timestamp="2023-12-20T11:44:39 IST" skipped="0">
  <testcase classname="testNGStudy.Priority" name="b" time="0.014">
    <system-out>
      <![CDATA[method b is running]]>
    </system-out>
  </testcase> <!-- b -->
  <testcase classname="testNGStudy.Priority" name="c" time="0.004">
    <system-out>
      <![CDATA[method c is running]]>
    </system-out>
  </testcase> <!-- c -->
  <testcase classname="testNGStudy.Priority" name="d" time="0.002">
    <system-out>
      <![CDATA[method d is running]]>
    </system-out>
  </testcase> <!-- d -->
  <testcase classname="testNGStudy.Priority" name="a" time="0.006">
    <system-out>
      <![CDATA[method a is running]]>
    </system-out>
  </testcase> <!-- a -->
  <system-out>
    <![CDATA[method b is running
method c is running
method d is running
method a is running]]>
  </system-out>
</testsuite> <!-- testNGStudy.Priority -->
