<?xml version="1.0" encoding="UTF-8"?>
<!-- Generated by org.testng.reporters.JUnitReportReporter -->
<testsuite hostname="DESKTOP-OSVRB79" failures="0" tests="1" name="TestNG_Assert.Hard_Asset2" time="0.017" errors="0" timestamp="2023-12-27T11:09:55 IST" skipped="0">
  <testcase classname="TestNG_Assert.Hard_Asset2" name="f" time="0.017"/>
</testsuite> <!-- TestNG_Assert.Hard_Asset2 -->
