<?xml version="1.0" encoding="UTF-8"?>
<!-- Generated by org.testng.reporters.JUnitReportReporter -->
<testsuite hostname="DESKTOP-OSVRB79" failures="0" tests="6" name="testNGStudy.InvocationCount" time="0.036" errors="0" timestamp="2023-12-20T11:52:55 IST" skipped="0">
  <testcase classname="testNGStudy.InvocationCount" name="group" time="0.016">
    <system-out>
      <![CDATA[group method is running]]>
    </system-out>
  </testcase> <!-- group -->
  <testcase classname="testNGStudy.InvocationCount" name="set" time="0.002">
    <system-out>
      <![CDATA[set method is running]]>
    </system-out>
  </testcase> <!-- set -->
  <testcase classname="testNGStudy.InvocationCount" name="sample" time="0.010">
    <system-out>
      <![CDATA[sample method is running]]>
    </system-out>
  </testcase> <!-- sample -->
  <testcase classname="testNGStudy.InvocationCount" name="group" time="0.003">
    <system-out>
      <![CDATA[group method is running]]>
    </system-out>
  </testcase> <!-- group -->
  <testcase classname="testNGStudy.InvocationCount" name="group" time="0.003">
    <system-out>
      <![CDATA[group method is running]]>
    </system-out>
  </testcase> <!-- group -->
  <testcase classname="testNGStudy.InvocationCount" name="sample" time="0.002">
    <system-out>
      <![CDATA[sample method is running]]>
    </system-out>
  </testcase> <!-- sample -->
  <system-out>
    <![CDATA[group method is running
group method is running
group method is running
sample method is running
sample method is running
set method is running]]>
  </system-out>
</testsuite> <!-- testNGStudy.InvocationCount -->
