<?xml version="1.0" encoding="UTF-8"?>
<!-- Generated by org.testng.reporters.JUnitReportReporter -->
<testsuite hostname="DESKTOP-OSVRB79" failures="0" tests="2" name="testNGStudy.TestNgAnnotation2" time="0.021" errors="0" timestamp="2023-12-20T12:48:04 IST" skipped="0">
  <testcase classname="testNGStudy.TestNgAnnotation2" name="tc3" time="0.015">
    <system-out>
      <![CDATA[tc3 is running]]>
    </system-out>
  </testcase> <!-- tc3 -->
  <testcase classname="testNGStudy.TestNgAnnotation2" name="tc4" time="0.006">
    <system-out>
      <![CDATA[tc4 is running]]>
    </system-out>
  </testcase> <!-- tc4 -->
  <system-out>
    <![CDATA[beforeSuite methodis running
beforeTest methodis running
beforeClass methodis running
beforeMethod methodis running
tc1 is running
afterMethod methodis running
beforeMethod methodis running
tc2 is running
afterMethod methodis running
afterclass methodis running
beforeClass methodis running
beforeMethod methodis running
tc3 is running
afterMethod methodis running
beforeMethod methodis running
tc4 is running
afterMethod methodis running
afterclass methodis running
afterTest methodis running
afterSuit methodis running]]>
  </system-out>
</testsuite> <!-- testNGStudy.TestNgAnnotation2 -->
