<?xml version="1.0" encoding="UTF-8"?>
<!-- Generated by org.testng.reporters.JUnitReportReporter -->
<testsuite hostname="DESKTOP-OSVRB79" failures="0" tests="3" name="TestNG_Included_excluded.Group1" time="0.030" errors="0" timestamp="2023-12-26T12:58:57 IST" skipped="0">
  <testcase classname="TestNG_Included_excluded.Group1" name="TC4" time="0.002">
    <system-out>
      <![CDATA[TC4 is running]]>
    </system-out>
  </testcase> <!-- TC4 -->
  <testcase classname="TestNG_Included_excluded.Group1" name="TC1" time="0.014">
    <system-out>
      <![CDATA[TC1 is running]]>
    </system-out>
  </testcase> <!-- TC1 -->
  <testcase classname="TestNG_Included_excluded.Group1" name="TC2" time="0.014">
    <system-out>
      <![CDATA[TC2 is running]]>
    </system-out>
  </testcase> <!-- TC2 -->
  <system-out>
    <![CDATA[TC1 is running
TC2 is running
TC4 is running
TC5 is running
TC8 is running]]>
  </system-out>
</testsuite> <!-- TestNG_Included_excluded.Group1 -->
